--- FAIL: Test_FileStore_Read_EntityDoesNotExist_failure (0.00s)
	assertions.go:156:                         	Location:	file_test.go:54
			Error:		Not equal: &errors.errorString{s:"entity does not exist"} (expected)
			        != &os.PathError{Op:"open", Path:"./testData/.json", Err:0x2} (actual)
			Messages:	err should be EntityDoesNotExist
		
--- FAIL: Test_FileStore_Update_EntityDoesNotExist_failure (0.00s)
	assertions.go:156:                         	Location:	file_test.go:73
			Error:		Not equal: &errors.errorString{s:"entity does not exist"} (expected)
			        != &os.PathError{Op:"open", Path:"./testData/.json", Err:0x2} (actual)
			Messages:	err should be EntityDoesNotExist
		
--- FAIL: Test_FileStore_Update_NonsequentialUpdate_failure (0.00s)
	assertions.go:156:                         	Location:	file_test.go:84
			Error:		Not equal: &errors.errorString{s:"nonsequential update"} (expected)
			        != <nil> (actual)
			Messages:	err should be NonsequentialUpdate
		
--- FAIL: Test_FileStore_Delete_success (0.00s)
	assertions.go:156:                         	Location:	file_test.go:98
			Error:		Not equal: &errors.errorString{s:"entity does not exist"} (expected)
			        != &os.PathError{Op:"open", Path:"./testData/1.json", Err:0x2} (actual)
			Messages:	err should be EntityDoesNotExist
		
FAIL
coverage: 71.7% of statements
exit status 1
FAIL	github.com/0xor1/sus	0.042s
